This file contains any messages produced by compilers while
running configure, to aid debugging if configure makes a mistake.

It was created by libxml2 configure 2.11.4, which was
generated by GNU Autoconf 2.71.  Invocation command line was

  $ ./configure --prefix=/home/cs0/semison2/.local --without-python

## --------- ##
## Platform. ##
## --------- ##

hostname = cs1
uname -m = x86_64
uname -r = 5.4.0-182-generic
uname -s = Linux
uname -v = #202-Ubuntu SMP Fri Apr 26 12:29:36 UTC 2024

/usr/bin/uname -p = unknown
/bin/uname -X     = unknown

/bin/arch              = unknown
/usr/bin/arch -k       = unknown
/usr/convex/getsysinfo = unknown
/usr/bin/hostinfo      = unknown
/bin/machine           = unknown
/usr/bin/oslevel       = unknown
/bin/universe          = unknown

PATH: /usr/local/sbin/
PATH: /usr/local/bin/
PATH: /usr/sbin/
PATH: /usr/bin/
PATH: /sbin/
PATH: /bin/
PATH: /usr/games/
PATH: /usr/local/games/
PATH: /snap/bin/


## ----------- ##
## Core tests. ##
## ----------- ##

configure:2661: looking for aux files: ltmain.sh compile missing install-sh config.guess config.sub
configure:2674:  trying ./
configure:2703:   ./ltmain.sh found
configure:2703:   ./compile found
configure:2703:   ./missing found
configure:2685:   ./install-sh found
configure:2703:   ./config.guess found
configure:2703:   ./config.sub found
configure:2825: checking build system type
configure:2840: result: x86_64-pc-linux-gnu
configure:2860: checking host system type
configure:2874: result: x86_64-pc-linux-gnu
configure:2940: checking for a BSD-compatible install
configure:3013: result: /usr/bin/install -c
configure:3024: checking whether build environment is sane
configure:3079: result: yes
configure:3236: checking for a race-free mkdir -p
configure:3280: result: /bin/mkdir -p
configure:3287: checking for gawk
configure:3308: found /usr/bin/gawk
configure:3319: result: gawk
configure:3330: checking whether make sets $(MAKE)
configure:3353: result: yes
configure:3383: checking whether make supports nested variables
configure:3401: result: yes
configure:3538: checking whether to enable maintainer-specific portions of Makefiles
configure:3548: result: yes
configure:3573: checking whether make supports nested variables
configure:3591: result: yes
configure:3665: checking for gcc
configure:3686: found /usr/bin/gcc
configure:3697: result: gcc
configure:4050: checking for C compiler version
configure:4059: gcc --version >&5
gcc (Ubuntu 9.4.0-1ubuntu1~20.04.2) 9.4.0
Copyright (C) 2019 Free Software Foundation, Inc.
This is free software; see the source for copying conditions.  There is NO
warranty; not even for MERCHANTABILITY or FITNESS FOR A PARTICULAR PURPOSE.

configure:4070: $? = 0
configure:4059: gcc -v >&5
Using built-in specs.
COLLECT_GCC=gcc
COLLECT_LTO_WRAPPER=/usr/lib/gcc/x86_64-linux-gnu/9/lto-wrapper
OFFLOAD_TARGET_NAMES=nvptx-none:hsa
OFFLOAD_TARGET_DEFAULT=1
Target: x86_64-linux-gnu
Configured with: ../src/configure -v --with-pkgversion='Ubuntu 9.4.0-1ubuntu1~20.04.2' --with-bugurl=file:///usr/share/doc/gcc-9/README.Bugs --enable-languages=c,ada,c++,go,brig,d,fortran,objc,obj-c++,gm2 --prefix=/usr --with-gcc-major-version-only --program-suffix=-9 --program-prefix=x86_64-linux-gnu- --enable-shared --enable-linker-build-id --libexecdir=/usr/lib --without-included-gettext --enable-threads=posix --libdir=/usr/lib --enable-nls --enable-clocale=gnu --enable-libstdcxx-debug --enable-libstdcxx-time=yes --with-default-libstdcxx-abi=new --enable-gnu-unique-object --disable-vtable-verify --enable-plugin --enable-default-pie --with-system-zlib --with-target-system-zlib=auto --enable-objc-gc=auto --enable-multiarch --disable-werror --with-arch-32=i686 --with-abi=m64 --with-multilib-list=m32,m64,mx32 --enable-multilib --with-tune=generic --enable-offload-targets=nvptx-none=/build/gcc-9-9QDOt0/gcc-9-9.4.0/debian/tmp-nvptx/usr,hsa --without-cuda-driver --enable-checking=release --build=x86_64-linux-gnu --host=x86_64-linux-gnu --target=x86_64-linux-gnu
Thread model: posix
gcc version 9.4.0 (Ubuntu 9.4.0-1ubuntu1~20.04.2) 
configure:4070: $? = 0
configure:4059: gcc -V >&5
gcc: error: unrecognized command line option '-V'
gcc: fatal error: no input files
compilation terminated.
configure:4070: $? = 1
configure:4059: gcc -qversion >&5
gcc: error: unrecognized command line option '-qversion'; did you mean '--version'?
gcc: fatal error: no input files
compilation terminated.
configure:4070: $? = 1
configure:4059: gcc -version >&5
gcc: error: unrecognized command line option '-version'
gcc: fatal error: no input files
compilation terminated.
configure:4070: $? = 1
configure:4090: checking whether the C compiler works
configure:4112: gcc    conftest.c  >&5
configure:4116: $? = 0
configure:4166: result: yes
configure:4169: checking for C compiler default output file name
configure:4171: result: a.out
configure:4177: checking for suffix of executables
configure:4184: gcc -o conftest    conftest.c  >&5
configure:4188: $? = 0
configure:4211: result: 
configure:4233: checking whether we are cross compiling
configure:4241: gcc -o conftest    conftest.c  >&5
configure:4245: $? = 0
configure:4252: ./conftest
configure:4256: $? = 0
configure:4244: result: no
configure:4249: checking for suffix of object files
configure:4272: gcc -c   conftest.c >&5
configure:4276: $? = 0
configure:4298: result: o
configure:4302: checking whether the compiler supports GNU C
configure:4322: gcc -c   conftest.c >&5
configure:4322: $? = 0
configure:4332: result: yes
configure:4343: checking whether gcc accepts -g
configure:4364: gcc -c -g  conftest.c >&5
configure:4364: $? = 0
configure:4408: result: yes
configure:4428: checking for gcc option to enable C11 features
configure:4443: gcc  -c -g -O2  conftest.c >&5
configure:4443: $? = 0
configure:4461: result: none needed
configure:4577: checking whether gcc understands -c and -o together
configure:4600: gcc -c conftest.c -o conftest2.o
configure:4603: $? = 0
configure:4600: gcc -c conftest.c -o conftest2.o
configure:4603: $? = 0
configure:4615: result: yes
configure:4635: checking whether make supports the include directive
configure:4650: make -f confmf.GNU && cat confinc.out
this is the am__doit target
configure:4653: $? = 0
configure:4672: result: yes (GNU style)
configure:4698: checking dependency style of gcc
configure:4810: result: gcc3
configure:4826: checking whether ln -s works
configure:4830: result: yes
configure:4840: checking for tar
configure:4863: found /bin/tar
configure:4876: result: /bin/tar
configure:4886: checking for perl
configure:4909: found /usr/bin/perl
configure:4922: result: /usr/bin/perl
configure:4932: checking for wget
configure:4955: found /usr/bin/wget
configure:4968: result: /usr/bin/wget
configure:4978: checking for xsltproc
configure:5014: result: /usr/bin/xsltproc
configure:5081: checking for pkg-config
configure:5104: found /usr/bin/pkg-config
configure:5116: result: /usr/bin/pkg-config
configure:5141: checking pkg-config is at least version 0.9.0
configure:5144: result: yes
configure:5200: checking how to print strings
configure:5227: result: printf
configure:5248: checking for a sed that does not truncate output
configure:5318: result: /bin/sed
configure:5336: checking for grep that handles long lines and -e
configure:5400: result: /bin/grep
configure:5405: checking for egrep
configure:5473: result: /bin/grep -E
configure:5478: checking for fgrep
configure:5546: result: /bin/grep -F
configure:5582: checking for ld used by gcc
configure:5650: result: /usr/bin/ld
configure:5657: checking if the linker (/usr/bin/ld) is GNU ld
configure:5673: result: yes
configure:5685: checking for BSD- or MS-compatible name lister (nm)
configure:5740: result: /usr/bin/nm -B
configure:5880: checking the name lister (/usr/bin/nm -B) interface
configure:5888: gcc -c -g -O2  conftest.c >&5
configure:5891: /usr/bin/nm -B "conftest.o"
configure:5894: output
0000000000000000 B some_variable
configure:5895: result: BSD nm
configure:5899: checking the maximum length of command line arguments
configure:6031: result: 1572864
configure:6079: checking how to convert x86_64-pc-linux-gnu file names to x86_64-pc-linux-gnu format
configure:6120: result: func_convert_file_noop
configure:6127: checking how to convert x86_64-pc-linux-gnu file names to toolchain format
configure:6148: result: func_convert_file_noop
configure:6155: checking for /usr/bin/ld option to reload object files
configure:6163: result: -r
configure:6242: checking for objdump
configure:6263: found /usr/bin/objdump
configure:6274: result: objdump
configure:6306: checking how to recognize dependent libraries
configure:6507: result: pass_all
configure:6597: checking for dlltool
configure:6632: result: no
configure:6662: checking how to associate runtime and link libraries
configure:6690: result: printf %s\n
configure:6756: checking for ar
configure:6777: found /usr/bin/ar
configure:6788: result: ar
configure:6825: checking for archiver @FILE support
configure:6843: gcc -c -g -O2  conftest.c >&5
configure:6843: $? = 0
configure:6847: ar cr libconftest.a @conftest.lst >&5
configure:6850: $? = 0
configure:6855: ar cr libconftest.a @conftest.lst >&5
ar: conftest.o: No such file or directory
configure:6858: $? = 1
configure:6857: result: @
configure:6920: checking for strip
configure:6941: found /usr/bin/strip
configure:6952: result: strip
configure:7029: checking for ranlib
configure:7050: found /usr/bin/ranlib
configure:7061: result: ranlib
configure:7163: checking command to parse /usr/bin/nm -B output from gcc object
configure:7317: gcc -c -g -O2  conftest.c >&5
configure:7320: $? = 0
configure:7324: /usr/bin/nm -B conftest.o | sed -n -e 's/^.*[	 ]\([ABCDGIRSTW][ABCDGIRSTW]*\)[	 ][	 ]*\([_A-Za-z][_A-Za-z0-9]*\)$/\1 \2 \2/p' | sed '/ __gnu_lto/d' > conftest.nm
configure:7390: gcc -o conftest -g -O2   conftest.c conftstm.o >&5
configure:7393: $? = 0
configure:7431: result: ok
configure:7478: checking for sysroot
configure:7509: result: no
configure:7516: checking for a working dd
configure:7560: result: /bin/dd
configure:7564: checking how to truncate binary pipes
configure:7580: result: /bin/dd bs=4096 count=1
configure:7717: gcc -c -g -O2  conftest.c >&5
configure:7720: $? = 0
configure:7917: checking for mt
configure:7938: found /bin/mt
configure:7949: result: mt
configure:7972: checking if mt is a manifest tool
configure:7979: mt '-?'
configure:7987: result: no
configure:8717: checking for stdio.h
configure:8717: gcc -c -g -O2  conftest.c >&5
configure:8717: $? = 0
configure:8717: result: yes
configure:8717: checking for stdlib.h
configure:8717: gcc -c -g -O2  conftest.c >&5
configure:8717: $? = 0
configure:8717: result: yes
configure:8717: checking for string.h
configure:8717: gcc -c -g -O2  conftest.c >&5
configure:8717: $? = 0
configure:8717: result: yes
configure:8717: checking for inttypes.h
configure:8717: gcc -c -g -O2  conftest.c >&5
configure:8717: $? = 0
configure:8717: result: yes
configure:8717: checking for stdint.h
configure:8717: gcc -c -g -O2  conftest.c >&5
configure:8717: $? = 0
configure:8717: result: yes
configure:8717: checking for strings.h
configure:8717: gcc -c -g -O2  conftest.c >&5
configure:8717: $? = 0
configure:8717: result: yes
configure:8717: checking for sys/stat.h
configure:8717: gcc -c -g -O2  conftest.c >&5
configure:8717: $? = 0
configure:8717: result: yes
configure:8717: checking for sys/types.h
configure:8717: gcc -c -g -O2  conftest.c >&5
configure:8717: $? = 0
configure:8717: result: yes
configure:8717: checking for unistd.h
configure:8717: gcc -c -g -O2  conftest.c >&5
configure:8717: $? = 0
configure:8717: result: yes
configure:8742: checking for dlfcn.h
configure:8742: gcc -c -g -O2  conftest.c >&5
configure:8742: $? = 0
configure:8742: result: yes
configure:9000: checking for objdir
configure:9016: result: .libs
configure:9280: checking if gcc supports -fno-rtti -fno-exceptions
configure:9299: gcc -c -g -O2  -fno-rtti -fno-exceptions conftest.c >&5
cc1: warning: command line option '-fno-rtti' is valid for C++/D/ObjC++ but not for C
configure:9303: $? = 0
configure:9316: result: no
configure:9680: checking for gcc option to produce PIC
configure:9688: result: -fPIC -DPIC
configure:9696: checking if gcc PIC flag -fPIC -DPIC works
configure:9715: gcc -c -g -O2  -fPIC -DPIC -DPIC conftest.c >&5
configure:9719: $? = 0
configure:9732: result: yes
configure:9761: checking if gcc static flag -static works
configure:9790: result: yes
configure:9805: checking if gcc supports -c -o file.o
configure:9827: gcc -c -g -O2  -o out/conftest2.o conftest.c >&5
configure:9831: $? = 0
configure:9853: result: yes
configure:9861: checking if gcc supports -c -o file.o
configure:9909: result: yes
configure:9942: checking whether the gcc linker (/usr/bin/ld -m elf_x86_64) supports shared libraries
configure:11212: result: yes
configure:11249: checking whether -lc should be explicitly linked in
configure:11258: gcc -c -g -O2  conftest.c >&5
configure:11261: $? = 0
configure:11276: gcc -shared  -fPIC -DPIC conftest.o  -v -Wl,-soname -Wl,conftest -o conftest 2\>\&1 \| /bin/grep  -lc  \>/dev/null 2\>\&1
configure:11279: $? = 0
configure:11293: result: no
configure:11453: checking dynamic linker characteristics
configure:12035: gcc -o conftest -g -O2   -Wl,-rpath -Wl,/foo conftest.c  >&5
configure:12035: $? = 0
configure:12286: result: GNU/Linux ld.so
configure:12408: checking how to hardcode library paths into programs
configure:12433: result: immediate
configure:12985: checking whether stripping libraries is possible
configure:12990: result: yes
configure:13025: checking if libtool supports shared libraries
configure:13027: result: yes
configure:13030: checking whether to build shared libraries
configure:13055: result: yes
configure:13058: checking whether to build static libraries
configure:13062: result: no
configure:9947: checking for cos in -lm
configure:9970: gcc -o conftest -g -O2   conftest.c -lm   >&5
conftest.c:27:6: warning: conflicting types for built-in function 'cos'; expected 'double(double)' [-Wbuiltin-declaration-mismatch]
   27 | char cos ();
      |      ^~~
conftest.c:1:1: note: 'cos' is declared in header '<math.h>'
    1 | /* confdefs.h */
configure:9970: $? = 0
configure:9980: result: yes
configure:10394: checking for stdint.h
configure:10394: result: yes
configure:10400: checking for inttypes.h
configure:10400: result: yes
configure:10407: checking for fcntl.h
configure:10407: gcc -c -g -O2  conftest.c >&5
configure:10407: $? = 0
configure:10407: result: yes
configure:10413: checking for unistd.h
configure:10413: result: yes
configure:10419: checking for sys/stat.h
configure:10419: result: yes
configure:10426: checking for sys/mman.h
configure:10426: gcc -c -g -O2  conftest.c >&5
configure:10426: $? = 0
configure:10426: result: yes
configure:10433: checking for sys/socket.h
configure:10433: gcc -c -g -O2  conftest.c >&5
configure:10433: $? = 0
configure:10433: result: yes
configure:10439: checking for netinet/in.h
configure:10439: gcc -c -g -O2  conftest.c >&5
configure:10439: $? = 0
configure:10439: result: yes
configure:10445: checking for arpa/inet.h
configure:10445: gcc -c -g -O2  conftest.c >&5
configure:10445: $? = 0
configure:10445: result: yes
configure:10451: checking for netdb.h
configure:10451: gcc -c -g -O2  conftest.c >&5
configure:10451: $? = 0
configure:10451: result: yes
configure:10458: checking for sys/select.h
configure:10458: gcc -c -g -O2  conftest.c >&5
configure:10458: $? = 0
configure:10458: result: yes
configure:10464: checking for poll.h
configure:10464: gcc -c -g -O2  conftest.c >&5
configure:10464: $? = 0
configure:10464: result: yes
configure:10471: checking for sys/time.h
configure:10471: gcc -c -g -O2  conftest.c >&5
configure:10471: $? = 0
configure:10471: result: yes
configure:10477: checking for sys/timeb.h
configure:10477: gcc -c -g -O2  conftest.c >&5
configure:10477: $? = 0
configure:10477: result: yes
configure:10484: checking for dl.h
configure:10484: gcc -c -g -O2  conftest.c >&5
conftest.c:65:10: fatal error: dl.h: No such file or directory
   65 | #include <dl.h>
      |          ^~~~~~
compilation terminated.
configure:10484: $? = 1
configure: failed program was:
| /* confdefs.h */
| #define PACKAGE_NAME "libxml2"
| #define PACKAGE_TARNAME "libxml2"
| #define PACKAGE_VERSION "2.11.4"
| #define PACKAGE_STRING "libxml2 2.11.4"
| #define PACKAGE_BUGREPORT ""
| #define PACKAGE_URL ""
| #define PACKAGE "libxml2"
| #define VERSION "2.11.4"
| #define HAVE_STDIO_H 1
| #define HAVE_STDLIB_H 1
| #define HAVE_STRING_H 1
| #define HAVE_INTTYPES_H 1
| #define HAVE_STDINT_H 1
| #define HAVE_STRINGS_H 1
| #define HAVE_SYS_STAT_H 1
| #define HAVE_SYS_TYPES_H 1
| #define HAVE_UNISTD_H 1
| #define STDC_HEADERS 1
| #define HAVE_DLFCN_H 1
| #define LT_OBJDIR ".libs/"
| #define HAVE_STDINT_H 1
| #define HAVE_INTTYPES_H 1
| #define HAVE_FCNTL_H 1
| #define HAVE_UNISTD_H 1
| #define HAVE_SYS_STAT_H 1
| #define HAVE_SYS_MMAN_H 1
| #define HAVE_SYS_SOCKET_H 1
| #define HAVE_NETINET_IN_H 1
| #define HAVE_ARPA_INET_H 1
| #define HAVE_NETDB_H 1
| #define HAVE_SYS_SELECT_H 1
| #define HAVE_POLL_H 1
| #define HAVE_SYS_TIME_H 1
| #define HAVE_SYS_TIMEB_H 1
| /* end confdefs.h.  */
| #include <stddef.h>
| #ifdef HAVE_STDIO_H
| # include <stdio.h>
| #endif
| #ifdef HAVE_STDLIB_H
| # include <stdlib.h>
| #endif
| #ifdef HAVE_STRING_H
| # include <string.h>
| #endif
| #ifdef HAVE_INTTYPES_H
| # include <inttypes.h>
| #endif
| #ifdef HAVE_STDINT_H
| # include <stdint.h>
| #endif
| #ifdef HAVE_STRINGS_H
| # include <strings.h>
| #endif
| #ifdef HAVE_SYS_TYPES_H
| # include <sys/types.h>
| #endif
| #ifdef HAVE_SYS_STAT_H
| # include <sys/stat.h>
| #endif
| #ifdef HAVE_UNISTD_H
| # include <unistd.h>
| #endif
| #include <dl.h>
configure:10484: result: no
configure:10490: checking for dlfcn.h
configure:10490: result: yes
configure:10497: checking for glob.h
configure:10497: gcc -c -g -O2  conftest.c >&5
configure:10497: $? = 0
configure:10497: result: yes
configure:10513: checking for uint32_t
configure:10513: gcc -c -g -O2  conftest.c >&5
configure:10513: $? = 0
configure:10513: result: yes
configure:10530: checking for snprintf
configure:10530: gcc -o conftest -g -O2   conftest.c  >&5
conftest.c:55:6: warning: conflicting types for built-in function 'snprintf'; expected 'int(char *, long unsigned int,  const char *, ...)' [-Wbuiltin-declaration-mismatch]
   55 | char snprintf ();
      |      ^~~~~~~~
conftest.c:47:1: note: 'snprintf' is declared in header '<stdio.h>'
   46 | #include <limits.h>
   47 | #undef snprintf
configure:10530: $? = 0
configure:10530: result: yes
configure:10530: checking for vsnprintf
configure:10530: gcc -o conftest -g -O2   conftest.c  >&5
conftest.c:56:6: warning: conflicting types for built-in function 'vsnprintf'; expected 'int(char *, long unsigned int,  const char *, __va_list_tag *)' [-Wbuiltin-declaration-mismatch]
   56 | char vsnprintf ();
      |      ^~~~~~~~~
conftest.c:48:1: note: 'vsnprintf' is declared in header '<stdio.h>'
   47 | #include <limits.h>
   48 | #undef vsnprintf
configure:10530: $? = 0
configure:10530: result: yes
configure:10543: checking for gettimeofday
configure:10543: gcc -o conftest -g -O2   conftest.c  >&5
configure:10543: $? = 0
configure:10543: result: yes
configure:10549: checking for ftime
configure:10549: gcc -o conftest -g -O2   conftest.c  >&5
configure:10549: $? = 0
configure:10549: result: yes
configure:10555: checking for stat
configure:10555: gcc -o conftest -g -O2   conftest.c  >&5
configure:10555: $? = 0
configure:10555: result: yes
configure:10561: checking for rand_r
configure:10561: gcc -o conftest -g -O2   conftest.c  >&5
configure:10561: $? = 0
configure:10561: result: yes
configure:10567: checking for isascii
configure:10567: gcc -o conftest -g -O2   conftest.c  >&5
conftest.c:61:6: warning: conflicting types for built-in function 'isascii'; expected 'int(int)' [-Wbuiltin-declaration-mismatch]
   61 | char isascii ();
      |      ^~~~~~~
configure:10567: $? = 0
configure:10567: result: yes
configure:10573: checking for mmap
configure:10573: gcc -o conftest -g -O2   conftest.c  >&5
configure:10573: $? = 0
configure:10573: result: yes
configure:10579: checking for munmap
configure:10579: gcc -o conftest -g -O2   conftest.c  >&5
configure:10579: $? = 0
configure:10579: result: yes
configure:10585: checking for putenv
configure:10585: gcc -o conftest -g -O2   conftest.c  >&5
configure:10585: $? = 0
configure:10585: result: yes
configure:10595: checking for va_copy
configure:10609: gcc -o conftest -g -O2   conftest.c  >&5
configure:10609: $? = 0
configure:10617: result: yes
configure:10655: checking whether va_list is an array type
configure:13960: gcc -c -g -O2  conftest.c >&5
configure: In function 'main':
configure:13956:34: error: cast specifies array type
13956 | 
      |                                  ^
configure: failed program was:
#line 13950 "configure"
#include "confdefs.h"

#include <stdarg.h>
void a(va_list * ap) {}
int main(void) {

va_list ap1, ap2; a(&ap1); ap2 = (va_list) ap1
; return 0; }
configure:10678: result: yes
configure:10693: checking for library containing gethostbyname
configure:10723: gcc -o conftest -g -O2   conftest.c  >&5
configure:10723: $? = 0
configure:10743: result: none required
configure:10757: checking for library containing connect
configure:10787: gcc -o conftest -g -O2   conftest.c  >&5
configure:10787: $? = 0
configure:10807: result: none required
configure:10825: checking for type of socket length (socklen_t)
configure:14134: gcc -c -g -O2  conftest.c >&5
configure:10845: result: socklen_t *
configure:10923: checking whether to enable IPv6
configure:10949: gcc -c -g -O2  conftest.c >&5
configure:10949: $? = 0
configure:10955: result: yes
configure:10971: checking whether __attribute__((destructor)) is accepted
configure:14275: gcc -c -g -O2  conftest.c >&5
configure:10986: result: yes
configure:11017: checking whether the linker accepts -Wl,--undefined-version
configure:11037: gcc -o conftest -g -O2    -Wl,--undefined-version conftest.c  >&5
/usr/bin/ld: unrecognized option '--undefined-version'
/usr/bin/ld: use the --help option for usage information
collect2: error: ld returned 1 exit status
configure:11037: $? = 1
configure: failed program was:
| /* confdefs.h */
| #define PACKAGE_NAME "libxml2"
| #define PACKAGE_TARNAME "libxml2"
| #define PACKAGE_VERSION "2.11.4"
| #define PACKAGE_STRING "libxml2 2.11.4"
| #define PACKAGE_BUGREPORT ""
| #define PACKAGE_URL ""
| #define PACKAGE "libxml2"
| #define VERSION "2.11.4"
| #define HAVE_STDIO_H 1
| #define HAVE_STDLIB_H 1
| #define HAVE_STRING_H 1
| #define HAVE_INTTYPES_H 1
| #define HAVE_STDINT_H 1
| #define HAVE_STRINGS_H 1
| #define HAVE_SYS_STAT_H 1
| #define HAVE_SYS_TYPES_H 1
| #define HAVE_UNISTD_H 1
| #define STDC_HEADERS 1
| #define HAVE_DLFCN_H 1
| #define LT_OBJDIR ".libs/"
| #define HAVE_STDINT_H 1
| #define HAVE_INTTYPES_H 1
| #define HAVE_FCNTL_H 1
| #define HAVE_UNISTD_H 1
| #define HAVE_SYS_STAT_H 1
| #define HAVE_SYS_MMAN_H 1
| #define HAVE_SYS_SOCKET_H 1
| #define HAVE_NETINET_IN_H 1
| #define HAVE_ARPA_INET_H 1
| #define HAVE_NETDB_H 1
| #define HAVE_SYS_SELECT_H 1
| #define HAVE_POLL_H 1
| #define HAVE_SYS_TIME_H 1
| #define HAVE_SYS_TIMEB_H 1
| #define HAVE_DLFCN_H 1
| #define HAVE_GLOB_H 1
| #define HAVE_SNPRINTF 1
| #define HAVE_VSNPRINTF 1
| #define HAVE_GETTIMEOFDAY 1
| #define HAVE_FTIME 1
| #define HAVE_STAT 1
| #define HAVE_RAND_R 1
| #define HAVE_ISASCII 1
| #define HAVE_MMAP 1
| #define HAVE_MUNMAP 1
| #define HAVE_PUTENV 1
| #define HAVE_VA_COPY 1
| #define VA_LIST_IS_ARRAY 1
| #define XML_SOCKLEN_T socklen_t
| #define SUPPORT_IP6 /**/
| #define HAVE_ATTRIBUTE_DESTRUCTOR 1
| #define ATTRIBUTE_DESTRUCTOR __attribute__((destructor))
| /* end confdefs.h.  */
| 
| int
| main (void)
| {
| 
|   ;
|   return 0;
| }
configure:11048: result: no
configure:11105: : VERSION_SCRIPT_FLAGS="$VERSION_SCRIPT_FLAGS"
configure:11108: $? = 0
configure:12038: checking for library containing dlopen
configure:12068: gcc -o conftest -g -O2   conftest.c  >&5
/usr/bin/ld: /tmp/ccj8tBEU.o: in function `main':
/home/cs0/semison2/CYBR352_Mid/task1/libxml2-2.11.4/conftest.c:63: undefined reference to `dlopen'
collect2: error: ld returned 1 exit status
configure:12068: $? = 1
configure: failed program was:
| /* confdefs.h */
| #define PACKAGE_NAME "libxml2"
| #define PACKAGE_TARNAME "libxml2"
| #define PACKAGE_VERSION "2.11.4"
| #define PACKAGE_STRING "libxml2 2.11.4"
| #define PACKAGE_BUGREPORT ""
| #define PACKAGE_URL ""
| #define PACKAGE "libxml2"
| #define VERSION "2.11.4"
| #define HAVE_STDIO_H 1
| #define HAVE_STDLIB_H 1
| #define HAVE_STRING_H 1
| #define HAVE_INTTYPES_H 1
| #define HAVE_STDINT_H 1
| #define HAVE_STRINGS_H 1
| #define HAVE_SYS_STAT_H 1
| #define HAVE_SYS_TYPES_H 1
| #define HAVE_UNISTD_H 1
| #define STDC_HEADERS 1
| #define HAVE_DLFCN_H 1
| #define LT_OBJDIR ".libs/"
| #define HAVE_STDINT_H 1
| #define HAVE_INTTYPES_H 1
| #define HAVE_FCNTL_H 1
| #define HAVE_UNISTD_H 1
| #define HAVE_SYS_STAT_H 1
| #define HAVE_SYS_MMAN_H 1
| #define HAVE_SYS_SOCKET_H 1
| #define HAVE_NETINET_IN_H 1
| #define HAVE_ARPA_INET_H 1
| #define HAVE_NETDB_H 1
| #define HAVE_SYS_SELECT_H 1
| #define HAVE_POLL_H 1
| #define HAVE_SYS_TIME_H 1
| #define HAVE_SYS_TIMEB_H 1
| #define HAVE_DLFCN_H 1
| #define HAVE_GLOB_H 1
| #define HAVE_SNPRINTF 1
| #define HAVE_VSNPRINTF 1
| #define HAVE_GETTIMEOFDAY 1
| #define HAVE_FTIME 1
| #define HAVE_STAT 1
| #define HAVE_RAND_R 1
| #define HAVE_ISASCII 1
| #define HAVE_MMAP 1
| #define HAVE_MUNMAP 1
| #define HAVE_PUTENV 1
| #define HAVE_VA_COPY 1
| #define VA_LIST_IS_ARRAY 1
| #define XML_SOCKLEN_T socklen_t
| #define SUPPORT_IP6 /**/
| #define HAVE_ATTRIBUTE_DESTRUCTOR 1
| #define ATTRIBUTE_DESTRUCTOR __attribute__((destructor))
| /* end confdefs.h.  */
| 
| /* Override any GCC internal prototype to avoid an error.
|    Use char because int might match the return type of a GCC
|    builtin and then its argument prototype would still apply.  */
| char dlopen ();
| int
| main (void)
| {
| return dlopen ();
|   ;
|   return 0;
| }
configure:12068: gcc -o conftest -g -O2   conftest.c -ldl   >&5
configure:12068: $? = 0
configure:12088: result: -ldl
configure:12221: checking for pthread.h
configure:12221: gcc -c -g -O2  conftest.c >&5
configure:12221: $? = 0
configure:12221: result: yes
configure:12225: checking for library containing pthread_join
configure:12255: gcc -o conftest -g -O2   conftest.c  >&5
/usr/bin/ld: /tmp/ccxFfqpf.o: in function `main':
/home/cs0/semison2/CYBR352_Mid/task1/libxml2-2.11.4/conftest.c:65: undefined reference to `pthread_join'
collect2: error: ld returned 1 exit status
configure:12255: $? = 1
configure: failed program was:
| /* confdefs.h */
| #define PACKAGE_NAME "libxml2"
| #define PACKAGE_TARNAME "libxml2"
| #define PACKAGE_VERSION "2.11.4"
| #define PACKAGE_STRING "libxml2 2.11.4"
| #define PACKAGE_BUGREPORT ""
| #define PACKAGE_URL ""
| #define PACKAGE "libxml2"
| #define VERSION "2.11.4"
| #define HAVE_STDIO_H 1
| #define HAVE_STDLIB_H 1
| #define HAVE_STRING_H 1
| #define HAVE_INTTYPES_H 1
| #define HAVE_STDINT_H 1
| #define HAVE_STRINGS_H 1
| #define HAVE_SYS_STAT_H 1
| #define HAVE_SYS_TYPES_H 1
| #define HAVE_UNISTD_H 1
| #define STDC_HEADERS 1
| #define HAVE_DLFCN_H 1
| #define LT_OBJDIR ".libs/"
| #define HAVE_STDINT_H 1
| #define HAVE_INTTYPES_H 1
| #define HAVE_FCNTL_H 1
| #define HAVE_UNISTD_H 1
| #define HAVE_SYS_STAT_H 1
| #define HAVE_SYS_MMAN_H 1
| #define HAVE_SYS_SOCKET_H 1
| #define HAVE_NETINET_IN_H 1
| #define HAVE_ARPA_INET_H 1
| #define HAVE_NETDB_H 1
| #define HAVE_SYS_SELECT_H 1
| #define HAVE_POLL_H 1
| #define HAVE_SYS_TIME_H 1
| #define HAVE_SYS_TIMEB_H 1
| #define HAVE_DLFCN_H 1
| #define HAVE_GLOB_H 1
| #define HAVE_SNPRINTF 1
| #define HAVE_VSNPRINTF 1
| #define HAVE_GETTIMEOFDAY 1
| #define HAVE_FTIME 1
| #define HAVE_STAT 1
| #define HAVE_RAND_R 1
| #define HAVE_ISASCII 1
| #define HAVE_MMAP 1
| #define HAVE_MUNMAP 1
| #define HAVE_PUTENV 1
| #define HAVE_VA_COPY 1
| #define VA_LIST_IS_ARRAY 1
| #define XML_SOCKLEN_T socklen_t
| #define SUPPORT_IP6 /**/
| #define HAVE_ATTRIBUTE_DESTRUCTOR 1
| #define ATTRIBUTE_DESTRUCTOR __attribute__((destructor))
| #define HAVE_DLOPEN /**/
| #define HAVE_PTHREAD_H 1
| /* end confdefs.h.  */
| 
| /* Override any GCC internal prototype to avoid an error.
|    Use char because int might match the return type of a GCC
|    builtin and then its argument prototype would still apply.  */
| char pthread_join ();
| int
| main (void)
| {
| return pthread_join ();
|   ;
|   return 0;
| }
configure:12255: gcc -o conftest -g -O2   conftest.c -lpthread   >&5
configure:12255: $? = 0
configure:12275: result: -lpthread
configure:12503: checking for Z
configure:12510: $PKG_CONFIG --exists --print-errors "zlib"
configure:12513: $? = 0
configure:12527: $PKG_CONFIG --exists --print-errors "zlib"
configure:12530: $? = 0
configure:12568: result: yes
configure:12663: checking for LZMA
configure:12670: $PKG_CONFIG --exists --print-errors "liblzma"
configure:12673: $? = 0
configure:12687: $PKG_CONFIG --exists --print-errors "liblzma"
configure:12690: $? = 0
configure:12728: result: yes
configure:12829: checking for iconv.h
configure:12829: gcc -c -g -O2  conftest.c >&5
conftest.c:56: warning: "HAVE_PTHREAD_H" redefined
   56 | #define HAVE_PTHREAD_H /**/
      | 
conftest.c:55: note: this is the location of the previous definition
   55 | #define HAVE_PTHREAD_H 1
      | 
configure:12829: $? = 0
configure:12829: result: yes
configure:12833: checking for library containing iconv
configure:12863: gcc -o conftest -g -O2   conftest.c  >&5
conftest.c:56: warning: "HAVE_PTHREAD_H" redefined
   56 | #define HAVE_PTHREAD_H /**/
      | 
conftest.c:55: note: this is the location of the previous definition
   55 | #define HAVE_PTHREAD_H 1
      | 
configure:12863: $? = 0
configure:12883: result: none required
configure:13271: checking that generated files are newer than configure
configure:13277: result: done
configure:13404: creating ./config.status

## ---------------------- ##
## Running config.status. ##
## ---------------------- ##

This file was extended by libxml2 config.status 2.11.4, which was
generated by GNU Autoconf 2.71.  Invocation command line was

  CONFIG_FILES    = 
  CONFIG_HEADERS  = 
  CONFIG_LINKS    = 
  CONFIG_COMMANDS = 
  $ ./config.status 

on cs1

config.status:1266: creating Makefile
config.status:1266: creating include/Makefile
config.status:1266: creating include/libxml/Makefile
config.status:1266: creating include/private/Makefile
config.status:1266: creating doc/Makefile
config.status:1266: creating doc/examples/Makefile
config.status:1266: creating doc/devhelp/Makefile
config.status:1266: creating example/Makefile
config.status:1266: creating fuzz/Makefile
config.status:1266: creating python/Makefile
config.status:1266: creating python/tests/Makefile
config.status:1266: creating xstc/Makefile
config.status:1266: creating include/libxml/xmlversion.h
config.status:1266: creating libxml-2.0.pc
config.status:1266: creating libxml-2.0-uninstalled.pc
config.status:1266: creating libxml2-config.cmake
config.status:1266: creating python/setup.py
config.status:1266: creating xml2-config
config.status:1266: creating config.h
config.status:1495: executing depfiles commands
config.status:1572: cd .       && sed -e '/# am--include-marker/d' Makefile         | make -f - am--depfiles
config.status:1577: $? = 0
config.status:1572: cd doc/examples       && sed -e '/# am--include-marker/d' Makefile         | make -f - am--depfiles
config.status:1577: $? = 0
config.status:1572: cd example       && sed -e '/# am--include-marker/d' Makefile         | make -f - am--depfiles
config.status:1577: $? = 0
config.status:1572: cd fuzz       && sed -e '/# am--include-marker/d' Makefile         | make -f - am--depfiles
config.status:1577: $? = 0
config.status:1572: cd python       && sed -e '/# am--include-marker/d' Makefile         | make -f - am--depfiles
config.status:1577: $? = 0
config.status:1495: executing libtool commands
configure:15569: gcc -c -g -O2  conftest.c >&5
conftest.c:56: warning: "HAVE_PTHREAD_H" redefined
   56 | #define HAVE_PTHREAD_H /**/
      | 
conftest.c:55: note: this is the location of the previous definition
   55 | #define HAVE_PTHREAD_H 1
      | 
configure:15569: $? = 0

## ---------------- ##
## Cache variables. ##
## ---------------- ##

ac_cv_build=x86_64-pc-linux-gnu
ac_cv_c_compiler_gnu=yes
ac_cv_c_uint32_t=yes
ac_cv_env_CC_set=
ac_cv_env_CC_value=
ac_cv_env_CFLAGS_set=
ac_cv_env_CFLAGS_value=
ac_cv_env_CPPFLAGS_set=
ac_cv_env_CPPFLAGS_value=
ac_cv_env_ICU_CFLAGS_set=
ac_cv_env_ICU_CFLAGS_value=
ac_cv_env_ICU_DEFS_set=
ac_cv_env_ICU_DEFS_value=
ac_cv_env_ICU_LIBS_set=
ac_cv_env_ICU_LIBS_value=
ac_cv_env_LDFLAGS_set=
ac_cv_env_LDFLAGS_value=
ac_cv_env_LIBS_set=
ac_cv_env_LIBS_value=
ac_cv_env_LT_SYS_LIBRARY_PATH_set=
ac_cv_env_LT_SYS_LIBRARY_PATH_value=
ac_cv_env_LZMA_CFLAGS_set=
ac_cv_env_LZMA_CFLAGS_value=
ac_cv_env_LZMA_LIBS_set=
ac_cv_env_LZMA_LIBS_value=
ac_cv_env_PKG_CONFIG_LIBDIR_set=
ac_cv_env_PKG_CONFIG_LIBDIR_value=
ac_cv_env_PKG_CONFIG_PATH_set=
ac_cv_env_PKG_CONFIG_PATH_value=
ac_cv_env_PKG_CONFIG_set=
ac_cv_env_PKG_CONFIG_value=
ac_cv_env_PYTHON_CFLAGS_set=
ac_cv_env_PYTHON_CFLAGS_value=
ac_cv_env_PYTHON_LIBS_set=
ac_cv_env_PYTHON_LIBS_value=
ac_cv_env_PYTHON_set=
ac_cv_env_PYTHON_value=
ac_cv_env_Z_CFLAGS_set=
ac_cv_env_Z_CFLAGS_value=
ac_cv_env_Z_LIBS_set=
ac_cv_env_Z_LIBS_value=
ac_cv_env_build_alias_set=
ac_cv_env_build_alias_value=
ac_cv_env_host_alias_set=
ac_cv_env_host_alias_value=
ac_cv_env_target_alias_set=
ac_cv_env_target_alias_value=
ac_cv_func_ftime=yes
ac_cv_func_gettimeofday=yes
ac_cv_func_isascii=yes
ac_cv_func_mmap=yes
ac_cv_func_munmap=yes
ac_cv_func_putenv=yes
ac_cv_func_rand_r=yes
ac_cv_func_snprintf=yes
ac_cv_func_stat=yes
ac_cv_func_vsnprintf=yes
ac_cv_header_arpa_inet_h=yes
ac_cv_header_dl_h=no
ac_cv_header_dlfcn_h=yes
ac_cv_header_fcntl_h=yes
ac_cv_header_glob_h=yes
ac_cv_header_iconv_h=yes
ac_cv_header_inttypes_h=yes
ac_cv_header_netdb_h=yes
ac_cv_header_netinet_in_h=yes
ac_cv_header_poll_h=yes
ac_cv_header_pthread_h=yes
ac_cv_header_stdint_h=yes
ac_cv_header_stdio_h=yes
ac_cv_header_stdlib_h=yes
ac_cv_header_string_h=yes
ac_cv_header_strings_h=yes
ac_cv_header_sys_mman_h=yes
ac_cv_header_sys_select_h=yes
ac_cv_header_sys_socket_h=yes
ac_cv_header_sys_stat_h=yes
ac_cv_header_sys_time_h=yes
ac_cv_header_sys_timeb_h=yes
ac_cv_header_sys_types_h=yes
ac_cv_header_unistd_h=yes
ac_cv_host=x86_64-pc-linux-gnu
ac_cv_lib_m_cos=yes
ac_cv_objext=o
ac_cv_path_EGREP='/bin/grep -E'
ac_cv_path_FGREP='/bin/grep -F'
ac_cv_path_GREP=/bin/grep
ac_cv_path_PERL=/usr/bin/perl
ac_cv_path_SED=/bin/sed
ac_cv_path_TAR=/bin/tar
ac_cv_path_WGET=/usr/bin/wget
ac_cv_path_XSLTPROC=/usr/bin/xsltproc
ac_cv_path_ac_pt_PKG_CONFIG=/usr/bin/pkg-config
ac_cv_path_install='/usr/bin/install -c'
ac_cv_path_lt_DD=/bin/dd
ac_cv_path_mkdir=/bin/mkdir
ac_cv_prog_AWK=gawk
ac_cv_prog_ac_ct_AR=ar
ac_cv_prog_ac_ct_CC=gcc
ac_cv_prog_ac_ct_MANIFEST_TOOL=mt
ac_cv_prog_ac_ct_OBJDUMP=objdump
ac_cv_prog_ac_ct_RANLIB=ranlib
ac_cv_prog_ac_ct_STRIP=strip
ac_cv_prog_cc_c11=
ac_cv_prog_cc_g=yes
ac_cv_prog_cc_stdc=
ac_cv_prog_make_make_set=yes
ac_cv_search_connect='none required'
ac_cv_search_dlopen=-ldl
ac_cv_search_gethostbyname='none required'
ac_cv_search_iconv='none required'
ac_cv_search_pthread_join=-lpthread
am_cv_CC_dependencies_compiler_type=gcc3
am_cv_make_support_nested_variables=yes
am_cv_prog_cc_c_o=yes
ax_cv_check_ldflags___Wl___undefined_version=no
lt_cv_ar_at_file=@
lt_cv_archive_cmds_need_lc=no
lt_cv_deplibs_check_method=pass_all
lt_cv_file_magic_cmd='$MAGIC_CMD'
lt_cv_file_magic_test_file=
lt_cv_ld_reload_flag=-r
lt_cv_nm_interface='BSD nm'
lt_cv_objdir=.libs
lt_cv_path_LD=/usr/bin/ld
lt_cv_path_NM='/usr/bin/nm -B'
lt_cv_path_mainfest_tool=no
lt_cv_prog_compiler_c_o=yes
lt_cv_prog_compiler_pic='-fPIC -DPIC'
lt_cv_prog_compiler_pic_works=yes
lt_cv_prog_compiler_rtti_exceptions=no
lt_cv_prog_compiler_static_works=yes
lt_cv_prog_gnu_ld=yes
lt_cv_sharedlib_from_linklib_cmd='printf %s\n'
lt_cv_shlibpath_overrides_runpath=yes
lt_cv_sys_global_symbol_pipe='sed -n -e '\''s/^.*[	 ]\([ABCDGIRSTW][ABCDGIRSTW]*\)[	 ][	 ]*\([_A-Za-z][_A-Za-z0-9]*\)$/\1 \2 \2/p'\'' | sed '\''/ __gnu_lto/d'\'''
lt_cv_sys_global_symbol_to_c_name_address='sed -n -e '\''s/^: \(.*\) .*$/  {"\1", (void *) 0},/p'\'' -e '\''s/^[ABCDGIRSTW][ABCDGIRSTW]* .* \(.*\)$/  {"\1", (void *) \&\1},/p'\'''
lt_cv_sys_global_symbol_to_c_name_address_lib_prefix='sed -n -e '\''s/^: \(.*\) .*$/  {"\1", (void *) 0},/p'\'' -e '\''s/^[ABCDGIRSTW][ABCDGIRSTW]* .* \(lib.*\)$/  {"\1", (void *) \&\1},/p'\'' -e '\''s/^[ABCDGIRSTW][ABCDGIRSTW]* .* \(.*\)$/  {"lib\1", (void *) \&\1},/p'\'''
lt_cv_sys_global_symbol_to_cdecl='sed -n -e '\''s/^T .* \(.*\)$/extern int \1();/p'\'' -e '\''s/^[ABCDGIRSTW][ABCDGIRSTW]* .* \(.*\)$/extern char \1;/p'\'''
lt_cv_sys_global_symbol_to_import=
lt_cv_sys_max_cmd_len=1572864
lt_cv_to_host_file_cmd=func_convert_file_noop
lt_cv_to_tool_file_cmd=func_convert_file_noop
lt_cv_truncate_bin='/bin/dd bs=4096 count=1'
pkg_cv_LZMA_CFLAGS=
pkg_cv_LZMA_LIBS=-llzma
pkg_cv_Z_CFLAGS=
pkg_cv_Z_LIBS=-lz

## ----------------- ##
## Output variables. ##
## ----------------- ##

ACLOCAL='${SHELL} '\''/home/cs0/semison2/CYBR352_Mid/task1/libxml2-2.11.4/missing'\'' aclocal-1.16'
AMDEPBACKSLASH='\'
AMDEP_FALSE='#'
AMDEP_TRUE=''
AMTAR='$${TAR-tar}'
AM_BACKSLASH='\'
AM_CFLAGS=' -pedantic -Wall -Wextra -Wshadow -Wpointer-arith -Wcast-align -Wwrite-strings -Waggregate-return -Wstrict-prototypes -Wmissing-prototypes -Wnested-externs -Winline -Wno-long-long -Wno-format-extra-args'
AM_DEFAULT_V='$(AM_DEFAULT_VERBOSITY)'
AM_DEFAULT_VERBOSITY='0'
AM_LDFLAGS=''
AM_V='$(V)'
AR='ar'
AUTOCONF='${SHELL} '\''/home/cs0/semison2/CYBR352_Mid/task1/libxml2-2.11.4/missing'\'' autoconf'
AUTOHEADER='${SHELL} '\''/home/cs0/semison2/CYBR352_Mid/task1/libxml2-2.11.4/missing'\'' autoheader'
AUTOMAKE='${SHELL} '\''/home/cs0/semison2/CYBR352_Mid/task1/libxml2-2.11.4/missing'\'' automake-1.16'
AWK='gawk'
BASE_THREAD_LIBS='-lpthread'
CC='gcc'
CCDEPMODE='depmode=gcc3'
CFLAGS='-g -O2'
CPPFLAGS=''
CSCOPE='cscope'
CTAGS='ctags'
CYGPATH_W='echo'
DEFS='-DHAVE_CONFIG_H'
DEPDIR='.deps'
DLLTOOL='false'
DSYMUTIL=''
DUMPBIN=''
ECHO_C=''
ECHO_N='-n'
ECHO_T=''
EGREP='/bin/grep -E'
ETAGS='etags'
EXEEXT=''
FGREP='/bin/grep -F'
GREP='/bin/grep'
ICONV_CFLAGS=''
ICU_CFLAGS=''
ICU_DEFS=''
ICU_LIBS=''
INSTALL_DATA='${INSTALL} -m 644'
INSTALL_PROGRAM='${INSTALL}'
INSTALL_SCRIPT='${INSTALL}'
INSTALL_STRIP_PROGRAM='$(install_sh) -c -s'
LD='/usr/bin/ld -m elf_x86_64'
LDFLAGS=''
LIBM='-lm'
LIBOBJS=''
LIBS=''
LIBTOOL='$(SHELL) $(top_builddir)/libtool'
LIBXML_MAJOR_VERSION='2'
LIBXML_MICRO_VERSION='4'
LIBXML_MINOR_VERSION='11'
LIBXML_VERSION='2.11.4'
LIBXML_VERSION_EXTRA=''
LIBXML_VERSION_INFO='13:4:11'
LIBXML_VERSION_NUMBER='21104'
LIPO=''
LN_S='ln -s'
LTLIBOBJS=''
LT_SYS_LIBRARY_PATH=''
LZMA_CFLAGS=''
LZMA_LIBS='-llzma'
MAINT=''
MAINTAINER_MODE_FALSE='#'
MAINTAINER_MODE_TRUE=''
MAKEINFO='${SHELL} '\''/home/cs0/semison2/CYBR352_Mid/task1/libxml2-2.11.4/missing'\'' makeinfo'
MANIFEST_TOOL=':'
MKDIR_P='/bin/mkdir -p'
MODULE_EXTENSION='.so'
MODULE_PLATFORM_LIBS='-ldl'
NM='/usr/bin/nm -B'
NMEDIT=''
OBJDUMP='objdump'
OBJEXT='o'
OTOOL64=''
OTOOL=''
PACKAGE='libxml2'
PACKAGE_BUGREPORT=''
PACKAGE_NAME='libxml2'
PACKAGE_STRING='libxml2 2.11.4'
PACKAGE_TARNAME='libxml2'
PACKAGE_URL=''
PACKAGE_VERSION='2.11.4'
PATH_SEPARATOR=':'
PERL='/usr/bin/perl'
PKG_CONFIG='/usr/bin/pkg-config'
PKG_CONFIG_LIBDIR=''
PKG_CONFIG_PATH=''
PYTHON=''
PYTHON_CFLAGS=''
PYTHON_EXEC_PREFIX=''
PYTHON_LDFLAGS=''
PYTHON_LIBS=''
PYTHON_PLATFORM=''
PYTHON_PREFIX=''
PYTHON_VERSION=''
RANLIB='ranlib'
RDL_CFLAGS=''
RDL_LIBS=''
RELDATE='Fri Oct 17 2025'
SED='/bin/sed'
SET_MAKE=''
SHELL='/bin/bash'
STRIP='strip'
TAR='/bin/tar'
THREAD_CFLAGS=' -D_REENTRANT'
THREAD_LIBS=''
USE_VERSION_SCRIPT_FALSE='#'
USE_VERSION_SCRIPT_TRUE=''
VERSION='2.11.4'
VERSION_SCRIPT_FLAGS=' -Wl,--version-script='
WGET='/usr/bin/wget'
WITH_C14N='1'
WITH_C14N_SOURCES_FALSE='#'
WITH_C14N_SOURCES_TRUE=''
WITH_CATALOG='1'
WITH_CATALOG_SOURCES_FALSE='#'
WITH_CATALOG_SOURCES_TRUE=''
WITH_DEBUG='1'
WITH_DEBUG_SOURCES_FALSE='#'
WITH_DEBUG_SOURCES_TRUE=''
WITH_FTP='0'
WITH_FTP_SOURCES_FALSE=''
WITH_FTP_SOURCES_TRUE='#'
WITH_GLOB_FALSE='#'
WITH_GLOB_TRUE=''
WITH_HTML='1'
WITH_HTML_SOURCES_FALSE='#'
WITH_HTML_SOURCES_TRUE=''
WITH_HTTP='1'
WITH_HTTP_SOURCES_FALSE='#'
WITH_HTTP_SOURCES_TRUE=''
WITH_ICONV='1'
WITH_ICU='0'
WITH_ISO8859X='1'
WITH_LEGACY='0'
WITH_LEGACY_SOURCES_FALSE=''
WITH_LEGACY_SOURCES_TRUE='#'
WITH_LZMA='1'
WITH_LZMA_SOURCES_FALSE='#'
WITH_LZMA_SOURCES_TRUE=''
WITH_MEM_DEBUG='0'
WITH_MODULES='1'
WITH_MODULES_SOURCES_FALSE='#'
WITH_MODULES_SOURCES_TRUE=''
WITH_OUTPUT='1'
WITH_OUTPUT_SOURCES_FALSE='#'
WITH_OUTPUT_SOURCES_TRUE=''
WITH_PATTERN='1'
WITH_PATTERN_SOURCES_FALSE='#'
WITH_PATTERN_SOURCES_TRUE=''
WITH_PUSH='1'
WITH_PYTHON_FALSE=''
WITH_PYTHON_TRUE='#'
WITH_READER='1'
WITH_READER_SOURCES_FALSE='#'
WITH_READER_SOURCES_TRUE=''
WITH_REGEXPS='1'
WITH_REGEXPS_SOURCES_FALSE='#'
WITH_REGEXPS_SOURCES_TRUE=''
WITH_SAX1='1'
WITH_SAX1_SOURCES_FALSE='#'
WITH_SAX1_SOURCES_TRUE=''
WITH_SCHEMAS='1'
WITH_SCHEMAS_SOURCES_FALSE='#'
WITH_SCHEMAS_SOURCES_TRUE=''
WITH_SCHEMATRON='1'
WITH_SCHEMATRON_SOURCES_FALSE='#'
WITH_SCHEMATRON_SOURCES_TRUE=''
WITH_THREADS='1'
WITH_THREAD_ALLOC='0'
WITH_TREE='1'
WITH_TRIO='0'
WITH_TRIO_SOURCES_FALSE=''
WITH_TRIO_SOURCES_TRUE='#'
WITH_VALID='1'
WITH_VALID_SOURCES_FALSE='#'
WITH_VALID_SOURCES_TRUE=''
WITH_WRITER='1'
WITH_WRITER_SOURCES_FALSE='#'
WITH_WRITER_SOURCES_TRUE=''
WITH_XINCLUDE='1'
WITH_XINCLUDE_SOURCES_FALSE='#'
WITH_XINCLUDE_SOURCES_TRUE=''
WITH_XPATH='1'
WITH_XPATH_SOURCES_FALSE='#'
WITH_XPATH_SOURCES_TRUE=''
WITH_XPTR='1'
WITH_XPTR_LOCS='0'
WITH_XPTR_SOURCES_FALSE='#'
WITH_XPTR_SOURCES_TRUE=''
WITH_ZLIB='1'
XML_CFLAGS=''
XML_INCLUDEDIR='-I${includedir}/libxml2'
XML_LIBDIR='-L${libdir}'
XML_LIBS='-lxml2'
XML_LIBTOOLLIBS='libxml2.la'
XML_PRIVATE_CFLAGS='   -D_REENTRANT  '
XML_PRIVATE_LIBS='-lz -llzma    -lm '
XSLTPROC='/usr/bin/xsltproc'
Z_CFLAGS=''
Z_LIBS='-lz'
ac_ct_AR='ar'
ac_ct_CC='gcc'
ac_ct_DUMPBIN=''
am__EXEEXT_FALSE=''
am__EXEEXT_TRUE='#'
am__fastdepCC_FALSE='#'
am__fastdepCC_TRUE=''
am__include='include'
am__isrc=''
am__leading_dot='.'
am__nodep='_no'
am__quote=''
am__tar='$${TAR-tar} chof - "$$tardir"'
am__untar='$${TAR-tar} xf -'
bindir='${exec_prefix}/bin'
build='x86_64-pc-linux-gnu'
build_alias=''
build_cpu='x86_64'
build_os='linux-gnu'
build_vendor='pc'
datadir='${datarootdir}'
datarootdir='${prefix}/share'
docdir='${datarootdir}/doc/${PACKAGE_TARNAME}'
dvidir='${docdir}'
exec_prefix='${prefix}'
host='x86_64-pc-linux-gnu'
host_alias=''
host_cpu='x86_64'
host_os='linux-gnu'
host_vendor='pc'
htmldir='${docdir}'
includedir='${prefix}/include'
infodir='${datarootdir}/info'
install_sh='${SHELL} /home/cs0/semison2/CYBR352_Mid/task1/libxml2-2.11.4/install-sh'
libdir='${exec_prefix}/lib'
libexecdir='${exec_prefix}/libexec'
localedir='${datarootdir}/locale'
localstatedir='${prefix}/var'
mandir='${datarootdir}/man'
mkdir_p='$(MKDIR_P)'
oldincludedir='/usr/include'
pdfdir='${docdir}'
pkgpyexecdir=''
pkgpythondir=''
prefix='/home/cs0/semison2/.local'
program_transform_name='s,x,x,'
psdir='${docdir}'
pyexecdir=''
pythondir=''
runstatedir='${localstatedir}/run'
sbindir='${exec_prefix}/sbin'
sharedstatedir='${prefix}/com'
sysconfdir='${prefix}/etc'
target_alias=''

## ----------- ##
## confdefs.h. ##
## ----------- ##

/* confdefs.h */
#define PACKAGE_NAME "libxml2"
#define PACKAGE_TARNAME "libxml2"
#define PACKAGE_VERSION "2.11.4"
#define PACKAGE_STRING "libxml2 2.11.4"
#define PACKAGE_BUGREPORT ""
#define PACKAGE_URL ""
#define PACKAGE "libxml2"
#define VERSION "2.11.4"
#define HAVE_STDIO_H 1
#define HAVE_STDLIB_H 1
#define HAVE_STRING_H 1
#define HAVE_INTTYPES_H 1
#define HAVE_STDINT_H 1
#define HAVE_STRINGS_H 1
#define HAVE_SYS_STAT_H 1
#define HAVE_SYS_TYPES_H 1
#define HAVE_UNISTD_H 1
#define STDC_HEADERS 1
#define HAVE_DLFCN_H 1
#define LT_OBJDIR ".libs/"
#define HAVE_STDINT_H 1
#define HAVE_INTTYPES_H 1
#define HAVE_FCNTL_H 1
#define HAVE_UNISTD_H 1
#define HAVE_SYS_STAT_H 1
#define HAVE_SYS_MMAN_H 1
#define HAVE_SYS_SOCKET_H 1
#define HAVE_NETINET_IN_H 1
#define HAVE_ARPA_INET_H 1
#define HAVE_NETDB_H 1
#define HAVE_SYS_SELECT_H 1
#define HAVE_POLL_H 1
#define HAVE_SYS_TIME_H 1
#define HAVE_SYS_TIMEB_H 1
#define HAVE_DLFCN_H 1
#define HAVE_GLOB_H 1
#define HAVE_SNPRINTF 1
#define HAVE_VSNPRINTF 1
#define HAVE_GETTIMEOFDAY 1
#define HAVE_FTIME 1
#define HAVE_STAT 1
#define HAVE_RAND_R 1
#define HAVE_ISASCII 1
#define HAVE_MMAP 1
#define HAVE_MUNMAP 1
#define HAVE_PUTENV 1
#define HAVE_VA_COPY 1
#define VA_LIST_IS_ARRAY 1
#define XML_SOCKLEN_T socklen_t
#define SUPPORT_IP6 /**/
#define HAVE_ATTRIBUTE_DESTRUCTOR 1
#define ATTRIBUTE_DESTRUCTOR __attribute__((destructor))
#define HAVE_DLOPEN /**/
#define HAVE_PTHREAD_H 1
#define HAVE_PTHREAD_H /**/

configure: exit 0
